<?xml version="1.0" encoding="UTF-8"?>
<!-- Generated by org.testng.reporters.JUnitReportReporter -->
<testsuite skipped="0" hostname="Jasdeeps-MacBook-Pro.local" name="testWebDriver.MainMethod2Test" tests="1" failures="0" timestamp="20 Mar 2017 11:52:24 GMT" time="2.914" errors="0">
  <testcase name="test1" time="2.914" classname="testWebDriver.MainMethod2Test"/>
</testsuite> <!-- testWebDriver.MainMethod2Test -->
